[0.131s] DEBUG:colcon:Command line arguments: ['/home/yy/anaconda3/bin/colcon', 'build', '--symlink-install', '--cmake-args', '-DCMAKE_BUILD_TYPE=release']
[0.131s] DEBUG:colcon:Parsed command line arguments: Namespace(log_base=None, log_level=None, verb_name='build', build_base='build', install_base='install', merge_install=False, symlink_install=True, test_result_base=None, continue_on_error=False, executor='parallel', parallel_workers=20, event_handlers=None, ignore_user_meta=False, metas=['./colcon.meta'], base_paths=['.'], packages_ignore=None, packages_ignore_regex=None, paths=None, packages_up_to=None, packages_up_to_regex=None, packages_above=None, packages_above_and_dependencies=None, packages_above_depth=None, packages_select_by_dep=None, packages_skip_by_dep=None, packages_skip_up_to=None, packages_select_build_failed=False, packages_skip_build_finished=False, packages_select_test_failures=False, packages_skip_test_passed=False, packages_select=None, packages_skip=None, packages_select_regex=None, packages_skip_regex=None, packages_start=None, packages_end=None, cmake_args=['-DCMAKE_BUILD_TYPE=release'], cmake_target=None, cmake_target_skip_unavailable=False, cmake_clean_cache=False, cmake_clean_first=False, cmake_force_configure=False, ament_cmake_args=None, catkin_cmake_args=None, catkin_skip_building_tests=False, verb_parser=<colcon_defaults.argument_parser.defaults.DefaultArgumentsDecorator object at 0x76cde2bb5610>, verb_extension=<colcon_core.verb.build.BuildVerb object at 0x76cde336b590>, main=<bound method BuildVerb.main of <colcon_core.verb.build.BuildVerb object at 0x76cde336b590>>)
[0.161s] Level 1:colcon.colcon_core.package_discovery:discover_packages(colcon_meta) check parameters
[0.162s] Level 1:colcon.colcon_core.package_discovery:discover_packages(recursive) check parameters
[0.162s] Level 1:colcon.colcon_core.package_discovery:discover_packages(ignore) check parameters
[0.162s] Level 1:colcon.colcon_core.package_discovery:discover_packages(path) check parameters
[0.162s] Level 1:colcon.colcon_core.package_discovery:discover_packages(colcon_meta) discover
[0.162s] Level 1:colcon.colcon_core.package_discovery:discover_packages(recursive) discover
[0.162s] INFO:colcon.colcon_core.package_discovery:Crawling recursively for packages in '/home/yy/sight/pb2025/src/small_gicp'
[0.162s] Level 1:colcon.colcon_core.package_identification:_identify(.) by extensions ['ignore', 'ignore_ament_install']
[0.162s] Level 1:colcon.colcon_core.package_identification:_identify(.) by extension 'ignore'
[0.162s] Level 1:colcon.colcon_core.package_identification:_identify(.) by extension 'ignore_ament_install'
[0.162s] Level 1:colcon.colcon_core.package_identification:_identify(.) by extensions ['colcon_pkg']
[0.162s] Level 1:colcon.colcon_core.package_identification:_identify(.) by extension 'colcon_pkg'
[0.162s] Level 1:colcon.colcon_core.package_identification:_identify(.) by extensions ['colcon_meta']
[0.162s] Level 1:colcon.colcon_core.package_identification:_identify(.) by extension 'colcon_meta'
[0.162s] Level 1:colcon.colcon_core.package_identification:_identify(.) by extensions ['ros']
[0.162s] Level 1:colcon.colcon_core.package_identification:_identify(.) by extension 'ros'
[0.193s] DEBUG:colcon.colcon_core.package_identification:Package '.' with type 'ros.cmake' and name 'small_gicp'
[0.194s] Level 1:colcon.colcon_core.package_discovery:discover_packages(recursive) using defaults
[0.194s] Level 1:colcon.colcon_core.package_discovery:discover_packages(ignore) discover
[0.194s] Level 1:colcon.colcon_core.package_discovery:discover_packages(ignore) using defaults
[0.194s] Level 1:colcon.colcon_core.package_discovery:discover_packages(path) discover
[0.194s] Level 1:colcon.colcon_core.package_discovery:discover_packages(path) using defaults
[0.208s] Level 5:colcon.colcon_core.verb:set package 'small_gicp' build argument 'cmake_args' from command line to '['-DCMAKE_BUILD_TYPE=release']'
[0.208s] Level 5:colcon.colcon_core.verb:set package 'small_gicp' build argument 'cmake_target' from command line to 'None'
[0.208s] Level 5:colcon.colcon_core.verb:set package 'small_gicp' build argument 'cmake_target_skip_unavailable' from command line to 'False'
[0.208s] Level 5:colcon.colcon_core.verb:set package 'small_gicp' build argument 'cmake_clean_cache' from command line to 'False'
[0.208s] Level 5:colcon.colcon_core.verb:set package 'small_gicp' build argument 'cmake_clean_first' from command line to 'False'
[0.208s] Level 5:colcon.colcon_core.verb:set package 'small_gicp' build argument 'cmake_force_configure' from command line to 'False'
[0.208s] Level 5:colcon.colcon_core.verb:set package 'small_gicp' build argument 'ament_cmake_args' from command line to 'None'
[0.208s] Level 5:colcon.colcon_core.verb:set package 'small_gicp' build argument 'catkin_cmake_args' from command line to 'None'
[0.208s] Level 5:colcon.colcon_core.verb:set package 'small_gicp' build argument 'catkin_skip_building_tests' from command line to 'False'
[0.208s] DEBUG:colcon.colcon_core.verb:Building package 'small_gicp' with the following arguments: {'ament_cmake_args': None, 'build_base': '/home/yy/sight/pb2025/src/small_gicp/build/small_gicp', 'catkin_cmake_args': None, 'catkin_skip_building_tests': False, 'cmake_args': ['-DCMAKE_BUILD_TYPE=release'], 'cmake_clean_cache': False, 'cmake_clean_first': False, 'cmake_force_configure': False, 'cmake_target': None, 'cmake_target_skip_unavailable': False, 'install_base': '/home/yy/sight/pb2025/src/small_gicp/install/small_gicp', 'merge_install': False, 'path': '/home/yy/sight/pb2025/src/small_gicp', 'symlink_install': True, 'test_result_base': None}
[0.208s] INFO:colcon.colcon_core.executor:Executing jobs using 'parallel' executor
[0.209s] DEBUG:colcon.colcon_parallel_executor.executor.parallel:run_until_complete
[0.209s] INFO:colcon.colcon_ros.task.cmake.build:Building ROS package in '/home/yy/sight/pb2025/src/small_gicp' with build type 'cmake'
[0.209s] INFO:colcon.colcon_cmake.task.cmake.build:Building CMake package in '/home/yy/sight/pb2025/src/small_gicp'
[0.212s] INFO:colcon.colcon_core.plugin_system:Skipping extension 'colcon_core.shell.bat': Not used on non-Windows systems
[0.212s] INFO:colcon.colcon_core.shell:Skip shell extension 'powershell' for command environment: Not usable outside of PowerShell
[0.212s] DEBUG:colcon.colcon_core.shell:Skip shell extension 'dsv' for command environment
[0.219s] DEBUG:colcon.colcon_core.event_handler.log_command:Invoking command in '/home/yy/sight/pb2025/src/small_gicp/build/small_gicp': CMAKE_PREFIX_PATH=/opt/ros/humble CONDA_PROMPT_MODIFIER=(base) /usr/bin/cmake /home/yy/sight/pb2025/src/small_gicp -DCMAKE_BUILD_TYPE=release -DCMAKE_INSTALL_PREFIX=/home/yy/sight/pb2025/src/small_gicp/install/small_gicp
[0.850s] DEBUG:colcon.colcon_core.event_handler.log_command:Invoked command in '/home/yy/sight/pb2025/src/small_gicp/build/small_gicp' returned '0': CMAKE_PREFIX_PATH=/opt/ros/humble CONDA_PROMPT_MODIFIER=(base) /usr/bin/cmake /home/yy/sight/pb2025/src/small_gicp -DCMAKE_BUILD_TYPE=release -DCMAKE_INSTALL_PREFIX=/home/yy/sight/pb2025/src/small_gicp/install/small_gicp
[0.851s] DEBUG:colcon.colcon_core.event_handler.log_command:Invoking command in '/home/yy/sight/pb2025/src/small_gicp/build/small_gicp': CMAKE_PREFIX_PATH=/opt/ros/humble CONDA_PROMPT_MODIFIER=(base) /usr/bin/cmake --build /home/yy/sight/pb2025/src/small_gicp/build/small_gicp -- -j20 -l20
[9.882s] DEBUG:colcon.colcon_core.event_handler.log_command:Invoked command in '/home/yy/sight/pb2025/src/small_gicp/build/small_gicp' returned '0': CMAKE_PREFIX_PATH=/opt/ros/humble CONDA_PROMPT_MODIFIER=(base) /usr/bin/cmake --build /home/yy/sight/pb2025/src/small_gicp/build/small_gicp -- -j20 -l20
[9.889s] DEBUG:colcon.colcon_core.event_handler.log_command:Invoking command in '/home/yy/sight/pb2025/src/small_gicp/build/small_gicp': CMAKE_PREFIX_PATH=/opt/ros/humble CONDA_PROMPT_MODIFIER=(base) /usr/bin/cmake --install /home/yy/sight/pb2025/src/small_gicp/build/small_gicp
[9.906s] DEBUG:colcon.colcon_core.event_handler.log_command:Invoked command in '/home/yy/sight/pb2025/src/small_gicp/build/small_gicp' returned '0': CMAKE_PREFIX_PATH=/opt/ros/humble CONDA_PROMPT_MODIFIER=(base) /usr/bin/cmake --install /home/yy/sight/pb2025/src/small_gicp/build/small_gicp
[9.906s] Level 1:colcon.colcon_core.shell:create_environment_hook('small_gicp', 'pkg_config_path')
[9.906s] INFO:colcon.colcon_core.shell:Creating environment hook '/home/yy/sight/pb2025/src/small_gicp/install/small_gicp/share/small_gicp/hook/pkg_config_path.ps1'
[9.906s] INFO:colcon.colcon_core.shell:Creating environment descriptor '/home/yy/sight/pb2025/src/small_gicp/install/small_gicp/share/small_gicp/hook/pkg_config_path.dsv'
[9.907s] INFO:colcon.colcon_core.shell:Creating environment hook '/home/yy/sight/pb2025/src/small_gicp/install/small_gicp/share/small_gicp/hook/pkg_config_path.sh'
[9.908s] Level 1:colcon.colcon_core.shell:create_environment_hook('small_gicp', 'pkg_config_path_multiarch')
[9.908s] INFO:colcon.colcon_core.shell:Creating environment hook '/home/yy/sight/pb2025/src/small_gicp/install/small_gicp/share/small_gicp/hook/pkg_config_path_multiarch.ps1'
[9.909s] INFO:colcon.colcon_core.shell:Creating environment descriptor '/home/yy/sight/pb2025/src/small_gicp/install/small_gicp/share/small_gicp/hook/pkg_config_path_multiarch.dsv'
[9.909s] INFO:colcon.colcon_core.shell:Creating environment hook '/home/yy/sight/pb2025/src/small_gicp/install/small_gicp/share/small_gicp/hook/pkg_config_path_multiarch.sh'
[9.909s] Level 1:colcon.colcon_core.environment:create_environment_scripts_only(small_gicp)
[9.912s] Level 1:colcon.colcon_core.environment:checking '/home/yy/sight/pb2025/src/small_gicp/install/small_gicp' for CMake module files
[9.912s] Level 1:colcon.colcon_core.environment:checking '/home/yy/sight/pb2025/src/small_gicp/install/small_gicp' for CMake config files
[9.912s] Level 1:colcon.colcon_core.shell:create_environment_hook('small_gicp', 'cmake_prefix_path')
[9.913s] INFO:colcon.colcon_core.shell:Creating environment hook '/home/yy/sight/pb2025/src/small_gicp/install/small_gicp/share/small_gicp/hook/cmake_prefix_path.ps1'
[9.913s] INFO:colcon.colcon_core.shell:Creating environment descriptor '/home/yy/sight/pb2025/src/small_gicp/install/small_gicp/share/small_gicp/hook/cmake_prefix_path.dsv'
[9.913s] INFO:colcon.colcon_core.shell:Creating environment hook '/home/yy/sight/pb2025/src/small_gicp/install/small_gicp/share/small_gicp/hook/cmake_prefix_path.sh'
[9.914s] Level 1:colcon.colcon_core.environment:checking '/home/yy/sight/pb2025/src/small_gicp/install/small_gicp/lib'
[9.914s] Level 1:colcon.colcon_core.shell:create_environment_hook('small_gicp', 'ld_library_path_lib')
[9.914s] INFO:colcon.colcon_core.shell:Creating environment hook '/home/yy/sight/pb2025/src/small_gicp/install/small_gicp/share/small_gicp/hook/ld_library_path_lib.ps1'
[9.914s] INFO:colcon.colcon_core.shell:Creating environment descriptor '/home/yy/sight/pb2025/src/small_gicp/install/small_gicp/share/small_gicp/hook/ld_library_path_lib.dsv'
[9.914s] INFO:colcon.colcon_core.shell:Creating environment hook '/home/yy/sight/pb2025/src/small_gicp/install/small_gicp/share/small_gicp/hook/ld_library_path_lib.sh'
[9.914s] Level 1:colcon.colcon_core.environment:checking '/home/yy/sight/pb2025/src/small_gicp/install/small_gicp/bin'
[9.914s] Level 1:colcon.colcon_core.environment:checking '/home/yy/sight/pb2025/src/small_gicp/install/small_gicp/lib/pkgconfig/small_gicp.pc'
[9.916s] Level 1:colcon.colcon_core.environment:checking '/home/yy/sight/pb2025/src/small_gicp/install/small_gicp/lib/python3.12/site-packages'
[9.916s] Level 1:colcon.colcon_core.environment:checking '/home/yy/sight/pb2025/src/small_gicp/install/small_gicp/bin'
[9.917s] INFO:colcon.colcon_core.shell:Creating package script '/home/yy/sight/pb2025/src/small_gicp/install/small_gicp/share/small_gicp/package.ps1'
[9.917s] INFO:colcon.colcon_core.shell:Creating package descriptor '/home/yy/sight/pb2025/src/small_gicp/install/small_gicp/share/small_gicp/package.dsv'
[9.918s] INFO:colcon.colcon_core.shell:Creating package script '/home/yy/sight/pb2025/src/small_gicp/install/small_gicp/share/small_gicp/package.sh'
[9.918s] INFO:colcon.colcon_core.shell:Creating package script '/home/yy/sight/pb2025/src/small_gicp/install/small_gicp/share/small_gicp/package.bash'
[9.918s] INFO:colcon.colcon_core.shell:Creating package script '/home/yy/sight/pb2025/src/small_gicp/install/small_gicp/share/small_gicp/package.zsh'
[9.919s] Level 1:colcon.colcon_core.environment:create_file_with_runtime_dependencies(/home/yy/sight/pb2025/src/small_gicp/install/small_gicp/share/colcon-core/packages/small_gicp)
[9.919s] DEBUG:colcon.colcon_parallel_executor.executor.parallel:closing loop
[9.919s] DEBUG:colcon.colcon_parallel_executor.executor.parallel:loop closed
[9.919s] DEBUG:colcon.colcon_parallel_executor.executor.parallel:run_until_complete finished with '0'
[9.919s] DEBUG:colcon.colcon_core.event_reactor:joining thread
[9.923s] INFO:colcon.colcon_core.plugin_system:Skipping extension 'colcon_notification.desktop_notification.notify2': 'notify2' not found
[9.924s] INFO:colcon.colcon_core.plugin_system:Skipping extension 'colcon_notification.desktop_notification.terminal_notifier': Not used on non-Darwin systems
[9.924s] INFO:colcon.colcon_core.plugin_system:Skipping extension 'colcon_notification.desktop_notification.win32': Not used on non-Windows systems
[9.924s] INFO:colcon.colcon_notification.desktop_notification:Sending desktop notification using 'notify_send'
[9.940s] DEBUG:colcon.colcon_core.event_reactor:joined thread
[9.941s] INFO:colcon.colcon_core.shell:Creating prefix script '/home/yy/sight/pb2025/src/small_gicp/install/local_setup.ps1'
[9.941s] INFO:colcon.colcon_core.shell:Creating prefix util module '/home/yy/sight/pb2025/src/small_gicp/install/_local_setup_util_ps1.py'
[9.942s] INFO:colcon.colcon_core.shell:Creating prefix chain script '/home/yy/sight/pb2025/src/small_gicp/install/setup.ps1'
[9.943s] INFO:colcon.colcon_core.shell:Creating prefix script '/home/yy/sight/pb2025/src/small_gicp/install/local_setup.sh'
[9.943s] INFO:colcon.colcon_core.shell:Creating prefix util module '/home/yy/sight/pb2025/src/small_gicp/install/_local_setup_util_sh.py'
[9.943s] INFO:colcon.colcon_core.shell:Creating prefix chain script '/home/yy/sight/pb2025/src/small_gicp/install/setup.sh'
[9.944s] INFO:colcon.colcon_core.shell:Creating prefix script '/home/yy/sight/pb2025/src/small_gicp/install/local_setup.bash'
[9.944s] INFO:colcon.colcon_core.shell:Creating prefix chain script '/home/yy/sight/pb2025/src/small_gicp/install/setup.bash'
[9.944s] INFO:colcon.colcon_core.shell:Creating prefix script '/home/yy/sight/pb2025/src/small_gicp/install/local_setup.zsh'
[9.947s] INFO:colcon.colcon_core.shell:Creating prefix chain script '/home/yy/sight/pb2025/src/small_gicp/install/setup.zsh'
